<?xml version="1.0" encoding="UTF-8"?>
<!-- Generated by org.testng.reporters.JUnitReportReporter -->
<testsuite skipped="0" hostname="EVT03076NB" name="guru.springframework.newtest.NewTest" tests="1" failures="0" timestamp="11 Kas 2021 10:38:27 GMT" time="0.115" errors="0">
  <testcase name="mainPage" time="0.115" classname="guru.springframework.newtest.NewTest"/>
</testsuite> <!-- guru.springframework.newtest.NewTest -->
