<?xml version="1.0" encoding="UTF-8"?>
<!-- Generated by org.testng.reporters.JUnitReportReporter -->
<testsuite skipped="0" hostname="EVT03076NB" name="guru.springframework.cucumbertest.TestRunnerCucumberTest" tests="3" failures="0" timestamp="11 Kas 2021 11:39:49 GMT" time="11.510" errors="0">
  <testcase name="runScenario" time="3.377" classname="guru.springframework.cucumbertest.TestRunnerCucumberTest"/>
  <testcase name="runScenario" time="3.670" classname="guru.springframework.cucumbertest.TestRunnerCucumberTest"/>
  <testcase name="runScenario" time="4.463" classname="guru.springframework.cucumbertest.TestRunnerCucumberTest"/>
</testsuite> <!-- guru.springframework.cucumbertest.TestRunnerCucumberTest -->
